#
# A fatal error has been detected by the Java Runtime Environment:
#
#  EXCEPTION_ACCESS_VIOLATION (0xc0000005) at pc=0x00007fff397cd323, pid=14032, tid=8624
#
# JRE version: Java(TM) SE Runtime Environment (21.0.2+13) (build 21.0.2+13-LTS-58)
# Java VM: Java HotSpot(TM) 64-Bit Server VM (21.0.2+13-LTS-58, mixed mode, sharing, tiered, compressed oops, compressed class ptrs, g1 gc, windows-amd64)
# Problematic frame:
# V  [jvm.dll+0x3dd323]
#
# No core dump will be written. Minidumps are not enabled by default on client versions of Windows
#
# If you would like to submit a bug report, please visit:
#   https://bugreport.java.com/bugreport/crash.jsp
#

---------------  S U M M A R Y ------------

Command Line: -Dfile.encoding=UTF-8 -Dstdout.encoding=UTF-8 -Dstderr.encoding=UTF-8 -XX:+ShowCodeDetailsInExceptionMessages practice.basics.DatePicker2

Host: Intel(R) Celeron(R) N4020 CPU @ 1.10GHz, 2 cores, 3G,  Windows 11 , 64 bit Build 22621 (10.0.22621.3958)
Time: Mon Aug 19 16:20:32 2024 India Standard Time elapsed time: 10777.128312 seconds (0d 2h 59m 37s)

---------------  T H R E A D  ---------------

Current thread (0x000001dae725eee0):  JavaThread "Thread-2565631"        [_thread_in_vm, id=8624, stack(0x0000005924600000,0x0000005924700000) (1024K)]

Stack: [0x0000005924600000,0x0000005924700000],  sp=0x00000059246ff310,  free space=1020k
Native frames: (J=compiled Java code, j=interpreted, Vv=VM code, C=native code)
V  [jvm.dll+0x3dd323]
V  [jvm.dll+0x6cad02]
V  [jvm.dll+0x3ddfcb]
V  [jvm.dll+0x3de257]
V  [jvm.dll+0x4712f5]
V  [jvm.dll+0x3ef6c6]
V  [jvm.dll+0x7ff568]
