#
# There is insufficient memory for the Java Runtime Environment to continue.
# Native memory allocation (malloc) failed to allocate 32744 bytes for Chunk::new
# Possible reasons:
#   The system is out of physical RAM or swap space
#   The process is running with CompressedOops enabled, and the Java Heap may be blocking the growth of the native heap
# Possible solutions:
#   Reduce memory load on the system
#   Increase physical memory or swap space
#   Check if swap backing store is full
#   Decrease Java heap size (-Xmx/-Xms)
#   Decrease number of Java threads
#   Decrease Java thread stack sizes (-Xss)
#   Set larger code cache with -XX:ReservedCodeCacheSize=
#   JVM is running with Unscaled Compressed Oops mode in which the Java heap is
#     placed in the first 4GB address space. The Java Heap base address is the
#     maximum limit for the native heap growth. Please use -XX:HeapBaseMinAddress
#     to set the Java Heap base and to place the Java Heap above 4GB virtual address.
# This output file may be truncated or incomplete.
#
#  Out of Memory Error (arena.cpp:168), pid=19480, tid=7268
#
# JRE version: Java(TM) SE Runtime Environment (21.0.2+13) (build 21.0.2+13-LTS-58)
# Java VM: Java HotSpot(TM) 64-Bit Server VM (21.0.2+13-LTS-58, mixed mode, sharing, tiered, compressed oops, compressed class ptrs, g1 gc, windows-amd64)
# No core dump will be written. Minidumps are not enabled by default on client versions of Windows
#

---------------  S U M M A R Y ------------

Command Line: -Dfile.encoding=UTF-8 -Dstdout.encoding=UTF-8 -Dstderr.encoding=UTF-8 -XX:+ShowCodeDetailsInExceptionMessages practice.basics.DatePicker2

Host: Intel(R) Celeron(R) N4020 CPU @ 1.10GHz, 2 cores, 3G,  Windows 11 , 64 bit Build 22621 (10.0.22621.3958)
Time: Thu Aug 22 22:45:51 2024 India Standard Time elapsed time: 37.222456 seconds (0d 0h 0m 37s)

---------------  T H R E A D  ---------------

Current thread (0x000002b17a80abe0):  JavaThread "C2 CompilerThread0" daemon [_thread_in_native, id=7268, stack(0x000000f767000000,0x000000f767100000) (1024K)]


Current CompileTask:
C2:  37222 1752       4       java.lang.invoke.MethodType::makeImpl (109 bytes)

Stack: [0x000000f767000000,0x000000f767100000]
Native frames: (J=compiled Java code, j=interpreted, Vv=VM code, C=native code)
V  [jvm.dll+0x6cade9]
V  [jvm.dll+0x8569c1]
V  [jvm.dll+0x858d2e]
V  [jvm.dll+0x859413]
V  [jvm.dll+0x280e56]
V  [jvm.dll+0xc3f3d]
V  [jvm.dll+0xc4473]
V  [jvm.dll+0x3bb62d]
V  [jvm.dll+0x3bacd1]
V  [jvm.dll+0x3bad14]
V  [jvm.dll+0x5d5926]
V  [jvm.dll+0x5d6075]
V  [jvm.dll+0x382884]
V  [jvm.dll+0x381cca]
V  [jvm.dll+0x249bd0]
V  [jvm.dll+0x2491b1]
V  [jvm.dll+0x1c9634]
V  [jvm.dll+0x258859]
V  [jvm.dll+0x256e3a]
V  [jvm.dll+0x3ef6c6]
V  [jvm.dll+0x7ff568]
V  [jvm.dll+0x6c953d]
C  [ucrtbase.dll+0x29333]
C  [KERNEL32.DLL+0x1257d]
C  [ntdll.dll+0x5af28]


---------------  P R O C E S S  ---------------

Threads class SMR info:
_java_thread_list=0x000002b17f686780, length=21, elements={
0x000002b16ce748e0, 0x000002b17a7fd5f0, 0x000002b17a803210, 0x000002b17a807f30,
0x000002b17a808990, 0x000002b17a8093f0, 0x000002b17a809e50, 0x000002b17a80abe0,
0x000002b17a87af60, 0x000002b17aa4e890, 0x000002b17aa510d0, 0x000002b17aaf0970,
0x000002b17f338720, 0x000002b17f44d050, 0x000002b17f44d6c0, 0x000002b17f44dd30,
0x000002b17f44e3a0, 0x000002b17f797030, 0x000002b17f797d50, 0x000002b17f7976c0,
0x000002b17f7983e0
}

Java Threads: ( => current thread )
  0x000002b16ce748e0 JavaThread "main"                              [_thread_blocked, id=10592, stack(0x000000f766100000,0x000000f766200000) (1024K)]
  0x000002b17a7fd5f0 JavaThread "Reference Handler"          daemon [_thread_blocked, id=3276, stack(0x000000f766a00000,0x000000f766b00000) (1024K)]
  0x000002b17a803210 JavaThread "Finalizer"                  daemon [_thread_blocked, id=20516, stack(0x000000f766b00000,0x000000f766c00000) (1024K)]
  0x000002b17a807f30 JavaThread "Signal Dispatcher"          daemon [_thread_blocked, id=21524, stack(0x000000f766c00000,0x000000f766d00000) (1024K)]
  0x000002b17a808990 JavaThread "Attach Listener"            daemon [_thread_blocked, id=20304, stack(0x000000f766d00000,0x000000f766e00000) (1024K)]
  0x000002b17a8093f0 JavaThread "Service Thread"             daemon [_thread_blocked, id=21568, stack(0x000000f766e00000,0x000000f766f00000) (1024K)]
  0x000002b17a809e50 JavaThread "Monitor Deflation Thread"   daemon [_thread_blocked, id=21056, stack(0x000000f766f00000,0x000000f767000000) (1024K)]
=>0x000002b17a80abe0 JavaThread "C2 CompilerThread0"         daemon [_thread_in_native, id=7268, stack(0x000000f767000000,0x000000f767100000) (1024K)]
  0x000002b17a87af60 JavaThread "C1 CompilerThread0"         daemon [_thread_blocked, id=1472, stack(0x000000f767100000,0x000000f767200000) (1024K)]
  0x000002b17aa4e890 JavaThread "Notification Thread"        daemon [_thread_blocked, id=17156, stack(0x000000f767200000,0x000000f767300000) (1024K)]
  0x000002b17aa510d0 JavaThread "Common-Cleaner"             daemon [_thread_blocked, id=12360, stack(0x000000f767300000,0x000000f767400000) (1024K)]
  0x000002b17aaf0970 JavaThread "ForkJoinPool.commonPool-worker-1" daemon [_thread_blocked, id=3468, stack(0x000000f767500000,0x000000f767600000) (1024K)]
  0x000002b17f338720 JavaThread "HttpClient-1-SelectorManager" daemon [_thread_in_native, id=22548, stack(0x000000f767600000,0x000000f767700000) (1024K)]
  0x000002b17f44d050 JavaThread "Thread-2"                          [_thread_in_native, id=17460, stack(0x000000f767700000,0x000000f767800000) (1024K)]
  0x000002b17f44d6c0 JavaThread "Driver Service Executor"    daemon [_thread_blocked, id=16896, stack(0x000000f767800000,0x000000f767900000) (1024K)]
  0x000002b17f44dd30 JavaThread "Driver Service Executor"    daemon [_thread_in_native, id=3232, stack(0x000000f767900000,0x000000f767a00000) (1024K)]
  0x000002b17f44e3a0 JavaThread "UrlChecker-2"               daemon [_thread_blocked, id=13768, stack(0x000000f767a00000,0x000000f767b00000) (1024K)]
  0x000002b17f797030 JavaThread "pool-1-thread-1"                   [_thread_blocked, id=4424, stack(0x000000f767d00000,0x000000f767e00000) (1024K)]
  0x000002b17f797d50 JavaThread "pool-1-thread-2"                   [_thread_blocked, id=15908, stack(0x000000f767e00000,0x000000f767f00000) (1024K)]
  0x000002b17f7976c0 JavaThread "HttpClient-2-SelectorManager" daemon [_thread_new, id=14436, stack(0x0000000000000000,0x0000000000000000) (0B)]
  0x000002b17f7983e0 JavaThread "pool-2-thread-1"                   [_thread_new, id=8512, stack(0x0000000000000000,0x0000000000000000) (0B)]
Total: 21

Other Threads:
  0x000002b16f1b8210 VMThread "VM Thread"                           [id=19276, stack(0x000000f766900000,0x000000f766a00000) (1024K)]
  0x000002b16f19b790 WatcherThread "VM Periodic Task Thread"        [id=21528, stack(0x000000f766800000,0x000000f766900000) (1024K)]
  0x000002b16f1370c0 WorkerThread "GC Thread#0"                     [id=14840, stack(0x000000f766300000,0x000000f766400000) (1024K)]
  0x000002b17ac79e20 WorkerThread "GC Thread#1"                     [id=18348, stack(0x000000f767400000,0x000000f767500000) (1024K)]
  0x000002b16f13fb20 ConcurrentGCThread "G1 Main Marker"            [id=15512, stack(0x000000f766400000,0x000000f766500000) (1024K)]
  0x000002b16f141780 WorkerThread "G1 Conc#0"                       [id=11300, stack(0x000000f766500000,0x000000f766600000) (1024K)]
  0x000002b16f18a110 ConcurrentGCThread "G1 Refine#0"               [id=21392, stack(0x000000f766600000,0x000000f766700000) (1024K)]
  0x000002b16f18b5d0 ConcurrentGCThread "G1 Service"                [id=21668, stack(0x000000f766700000,0x000000f766800000) (1024K)]
Total: 8

Threads with active compile tasks:
C2 CompilerThread0    37434 1752       4       java.lang.invoke.MethodType::makeImpl (109 bytes)
Total: 1

VM state: not at safepoint (normal execution)

VM Mutex/Monitor currently owned by a thread: None

Heap address: 0x00000000c2c00000, size: 980 MB, Compressed Oops mode: 32-bit

CDS archive(s) mapped at: [0x000002b10f000000-0x000002b10fc90000-0x000002b10fc90000), size 13172736, SharedBaseAddress: 0x000002b10f000000, ArchiveRelocationMode: 1.
Compressed class space mapped at: 0x000002b110000000-0x000002b150000000, reserved size: 1073741824
Narrow klass base: 0x000002b10f000000, Narrow klass shift: 0, Narrow klass range: 0x100000000

GC Precious Log:
 CardTable entry size: 512
 Card Set container configuration: InlinePtr #cards 5 size 8 Array Of Cards #cards 12 size 40 Howl #buckets 4 coarsen threshold 1843 Howl Bitmap #cards 512 size 80 coarsen threshold 460 Card regions per heap region 1 cards per card region 2048
 CPUs: 2 total, 2 available
 Memory: 3918M
 Large Page Support: Disabled
 NUMA Support: Disabled
 Compressed Oops: Enabled (32-bit)
 Heap Region Size: 1M
 Heap Min Capacity: 8M
 Heap Initial Capacity: 62M
 Heap Max Capacity: 980M
 Pre-touch: Disabled
 Parallel Workers: 2
 Concurrent Workers: 1
 Concurrent Refinement Workers: 2
 Periodic GC: Disabled

Heap:
 garbage-first heap   total 63488K, used 15479K [0x00000000c2c00000, 0x0000000100000000)
  region size 1024K, 10 young (10240K), 2 survivors (2048K)
 Metaspace       used 12854K, committed 13248K, reserved 1114112K
  class space    used 1555K, committed 1728K, reserved 1048576K

Heap Regions: E=young(eden), S=young(survivor), O=old, HS=humongous(starts), HC=humongous(continues), CS=collection set, F=free, TAMS=top-at-mark-start, PB=parsable bottom
|   0|0x00000000c2c00000, 0x00000000c2d00000, 0x00000000c2d00000|100%| O|  |TAMS 0x00000000c2c00000| PB 0x00000000c2c00000| Untracked 
|   1|0x00000000c2d00000, 0x00000000c2e00000, 0x00000000c2e00000|100%| O|  |TAMS 0x00000000c2d00000| PB 0x00000000c2d00000| Untracked 
|   2|0x00000000c2e00000, 0x00000000c2f00000, 0x00000000c2f00000|100%| O|  |TAMS 0x00000000c2e00000| PB 0x00000000c2e00000| Untracked 
|   3|0x00000000c2f00000, 0x00000000c3000000, 0x00000000c3000000|100%| O|  |TAMS 0x00000000c2f00000| PB 0x00000000c2f00000| Untracked 
|   4|0x00000000c3000000, 0x00000000c3100000, 0x00000000c3100000|100%| O|  |TAMS 0x00000000c3000000| PB 0x00000000c3000000| Untracked 
|   5|0x00000000c3100000, 0x00000000c3200000, 0x00000000c3200000|100%| O|  |TAMS 0x00000000c3100000| PB 0x00000000c3100000| Untracked 
|   6|0x00000000c3200000, 0x00000000c321de40, 0x00000000c3300000| 11%| O|  |TAMS 0x00000000c3200000| PB 0x00000000c3200000| Untracked 
|   7|0x00000000c3300000, 0x00000000c3300000, 0x00000000c3400000|  0%| F|  |TAMS 0x00000000c3300000| PB 0x00000000c3300000| Untracked 
|   8|0x00000000c3400000, 0x00000000c3400000, 0x00000000c3500000|  0%| F|  |TAMS 0x00000000c3400000| PB 0x00000000c3400000| Untracked 
|   9|0x00000000c3500000, 0x00000000c3500000, 0x00000000c3600000|  0%| F|  |TAMS 0x00000000c3500000| PB 0x00000000c3500000| Untracked 
|  10|0x00000000c3600000, 0x00000000c3600000, 0x00000000c3700000|  0%| F|  |TAMS 0x00000000c3600000| PB 0x00000000c3600000| Untracked 
|  11|0x00000000c3700000, 0x00000000c3700000, 0x00000000c3800000|  0%| F|  |TAMS 0x00000000c3700000| PB 0x00000000c3700000| Untracked 
|  12|0x00000000c3800000, 0x00000000c3800000, 0x00000000c3900000|  0%| F|  |TAMS 0x00000000c3800000| PB 0x00000000c3800000| Untracked 
|  13|0x00000000c3900000, 0x00000000c3900000, 0x00000000c3a00000|  0%| F|  |TAMS 0x00000000c3900000| PB 0x00000000c3900000| Untracked 
|  14|0x00000000c3a00000, 0x00000000c3a00000, 0x00000000c3b00000|  0%| F|  |TAMS 0x00000000c3a00000| PB 0x00000000c3a00000| Untracked 
|  15|0x00000000c3b00000, 0x00000000c3b00000, 0x00000000c3c00000|  0%| F|  |TAMS 0x00000000c3b00000| PB 0x00000000c3b00000| Untracked 
|  16|0x00000000c3c00000, 0x00000000c3c00000, 0x00000000c3d00000|  0%| F|  |TAMS 0x00000000c3c00000| PB 0x00000000c3c00000| Untracked 
|  17|0x00000000c3d00000, 0x00000000c3d00000, 0x00000000c3e00000|  0%| F|  |TAMS 0x00000000c3d00000| PB 0x00000000c3d00000| Untracked 
|  18|0x00000000c3e00000, 0x00000000c3e00000, 0x00000000c3f00000|  0%| F|  |TAMS 0x00000000c3e00000| PB 0x00000000c3e00000| Untracked 
|  19|0x00000000c3f00000, 0x00000000c3f00000, 0x00000000c4000000|  0%| F|  |TAMS 0x00000000c3f00000| PB 0x00000000c3f00000| Untracked 
|  20|0x00000000c4000000, 0x00000000c4000000, 0x00000000c4100000|  0%| F|  |TAMS 0x00000000c4000000| PB 0x00000000c4000000| Untracked 
|  21|0x00000000c4100000, 0x00000000c4100000, 0x00000000c4200000|  0%| F|  |TAMS 0x00000000c4100000| PB 0x00000000c4100000| Untracked 
|  22|0x00000000c4200000, 0x00000000c4200000, 0x00000000c4300000|  0%| F|  |TAMS 0x00000000c4200000| PB 0x00000000c4200000| Untracked 
|  23|0x00000000c4300000, 0x00000000c4300000, 0x00000000c4400000|  0%| F|  |TAMS 0x00000000c4300000| PB 0x00000000c4300000| Untracked 
|  24|0x00000000c4400000, 0x00000000c4400000, 0x00000000c4500000|  0%| F|  |TAMS 0x00000000c4400000| PB 0x00000000c4400000| Untracked 
|  25|0x00000000c4500000, 0x00000000c4500000, 0x00000000c4600000|  0%| F|  |TAMS 0x00000000c4500000| PB 0x00000000c4500000| Untracked 
|  26|0x00000000c4600000, 0x00000000c4600000, 0x00000000c4700000|  0%| F|  |TAMS 0x00000000c4600000| PB 0x00000000c4600000| Untracked 
|  27|0x00000000c4700000, 0x00000000c4700000, 0x00000000c4800000|  0%| F|  |TAMS 0x00000000c4700000| PB 0x00000000c4700000| Untracked 
|  28|0x00000000c4800000, 0x00000000c4800000, 0x00000000c4900000|  0%| F|  |TAMS 0x00000000c4800000| PB 0x00000000c4800000| Untracked 
|  29|0x00000000c4900000, 0x00000000c4900000, 0x00000000c4a00000|  0%| F|  |TAMS 0x00000000c4900000| PB 0x00000000c4900000| Untracked 
|  30|0x00000000c4a00000, 0x00000000c4a00000, 0x00000000c4b00000|  0%| F|  |TAMS 0x00000000c4a00000| PB 0x00000000c4a00000| Untracked 
|  31|0x00000000c4b00000, 0x00000000c4b00000, 0x00000000c4c00000|  0%| F|  |TAMS 0x00000000c4b00000| PB 0x00000000c4b00000| Untracked 
|  32|0x00000000c4c00000, 0x00000000c4c00000, 0x00000000c4d00000|  0%| F|  |TAMS 0x00000000c4c00000| PB 0x00000000c4c00000| Untracked 
|  33|0x00000000c4d00000, 0x00000000c4d00000, 0x00000000c4e00000|  0%| F|  |TAMS 0x00000000c4d00000| PB 0x00000000c4d00000| Untracked 
|  34|0x00000000c4e00000, 0x00000000c4e00000, 0x00000000c4f00000|  0%| F|  |TAMS 0x00000000c4e00000| PB 0x00000000c4e00000| Untracked 
|  35|0x00000000c4f00000, 0x00000000c4f00000, 0x00000000c5000000|  0%| F|  |TAMS 0x00000000c4f00000| PB 0x00000000c4f00000| Untracked 
|  36|0x00000000c5000000, 0x00000000c5000000, 0x00000000c5100000|  0%| F|  |TAMS 0x00000000c5000000| PB 0x00000000c5000000| Untracked 
|  37|0x00000000c5100000, 0x00000000c5100000, 0x00000000c5200000|  0%| F|  |TAMS 0x00000000c5100000| PB 0x00000000c5100000| Untracked 
|  38|0x00000000c5200000, 0x00000000c5200000, 0x00000000c5300000|  0%| F|  |TAMS 0x00000000c5200000| PB 0x00000000c5200000| Untracked 
|  39|0x00000000c5300000, 0x00000000c5300000, 0x00000000c5400000|  0%| F|  |TAMS 0x00000000c5300000| PB 0x00000000c5300000| Untracked 
|  40|0x00000000c5400000, 0x00000000c5400000, 0x00000000c5500000|  0%| F|  |TAMS 0x00000000c5400000| PB 0x00000000c5400000| Untracked 
|  41|0x00000000c5500000, 0x00000000c5500000, 0x00000000c5600000|  0%| F|  |TAMS 0x00000000c5500000| PB 0x00000000c5500000| Untracked 
|  42|0x00000000c5600000, 0x00000000c5600000, 0x00000000c5700000|  0%| F|  |TAMS 0x00000000c5600000| PB 0x00000000c5600000| Untracked 
|  43|0x00000000c5700000, 0x00000000c5700000, 0x00000000c5800000|  0%| F|  |TAMS 0x00000000c5700000| PB 0x00000000c5700000| Untracked 
|  44|0x00000000c5800000, 0x00000000c5800000, 0x00000000c5900000|  0%| F|  |TAMS 0x00000000c5800000| PB 0x00000000c5800000| Untracked 
|  45|0x00000000c5900000, 0x00000000c5900000, 0x00000000c5a00000|  0%| F|  |TAMS 0x00000000c5900000| PB 0x00000000c5900000| Untracked 
|  46|0x00000000c5a00000, 0x00000000c5a00000, 0x00000000c5b00000|  0%| F|  |TAMS 0x00000000c5a00000| PB 0x00000000c5a00000| Untracked 
|  47|0x00000000c5b00000, 0x00000000c5c00000, 0x00000000c5c00000|100%| S|CS|TAMS 0x00000000c5b00000| PB 0x00000000c5b00000| Complete 
|  48|0x00000000c5c00000, 0x00000000c5d00000, 0x00000000c5d00000|100%| S|CS|TAMS 0x00000000c5c00000| PB 0x00000000c5c00000| Complete 
|  49|0x00000000c5d00000, 0x00000000c5d00000, 0x00000000c5e00000|  0%| F|  |TAMS 0x00000000c5d00000| PB 0x00000000c5d00000| Untracked 
|  50|0x00000000c5e00000, 0x00000000c5e00000, 0x00000000c5f00000|  0%| F|  |TAMS 0x00000000c5e00000| PB 0x00000000c5e00000| Untracked 
|  51|0x00000000c5f00000, 0x00000000c5f00000, 0x00000000c6000000|  0%| F|  |TAMS 0x00000000c5f00000| PB 0x00000000c5f00000| Untracked 
|  52|0x00000000c6000000, 0x00000000c6000000, 0x00000000c6100000|  0%| F|  |TAMS 0x00000000c6000000| PB 0x00000000c6000000| Untracked 
|  53|0x00000000c6100000, 0x00000000c6100000, 0x00000000c6200000|  0%| F|  |TAMS 0x00000000c6100000| PB 0x00000000c6100000| Untracked 
|  54|0x00000000c6200000, 0x00000000c62a2838, 0x00000000c6300000| 63%| E|  |TAMS 0x00000000c6200000| PB 0x00000000c6200000| Complete 
|  55|0x00000000c6300000, 0x00000000c6400000, 0x00000000c6400000|100%| E|CS|TAMS 0x00000000c6300000| PB 0x00000000c6300000| Complete 
|  56|0x00000000c6400000, 0x00000000c6500000, 0x00000000c6500000|100%| E|CS|TAMS 0x00000000c6400000| PB 0x00000000c6400000| Complete 
|  57|0x00000000c6500000, 0x00000000c6600000, 0x00000000c6600000|100%| E|CS|TAMS 0x00000000c6500000| PB 0x00000000c6500000| Complete 
|  58|0x00000000c6600000, 0x00000000c6700000, 0x00000000c6700000|100%| E|CS|TAMS 0x00000000c6600000| PB 0x00000000c6600000| Complete 
|  59|0x00000000c6700000, 0x00000000c6800000, 0x00000000c6800000|100%| E|CS|TAMS 0x00000000c6700000| PB 0x00000000c6700000| Complete 
|  60|0x00000000c6800000, 0x00000000c6900000, 0x00000000c6900000|100%| E|CS|TAMS 0x00000000c6800000| PB 0x00000000c6800000| Complete 
|  61|0x00000000c6900000, 0x00000000c6a00000, 0x00000000c6a00000|100%| E|CS|TAMS 0x00000000c6900000| PB 0x00000000c6900000| Complete 

Card table byte_map: [0x000002b16eeb0000,0x000002b16f0a0000] _byte_map_base: 0x000002b16e89a000

Marking Bits: (CMBitMap*) 0x000002b16f1377c0
 Bits: [0x000002b177560000, 0x000002b1784b0000)

Polling page: 0x000002b16d050000

Metaspace:

Usage:
  Non-class:     11.03 MB used.
      Class:      1.52 MB used.
       Both:     12.55 MB used.

Virtual space:
  Non-class space:       64.00 MB reserved,      11.25 MB ( 18%) committed,  1 nodes.
      Class space:        1.00 GB reserved,       1.69 MB ( <1%) committed,  1 nodes.
             Both:        1.06 GB reserved,      12.94 MB (  1%) committed. 

Chunk freelists:
   Non-Class:  4.53 MB
       Class:  14.23 MB
        Both:  18.77 MB

MaxMetaspaceSize: unlimited
CompressedClassSpaceSize: 1.00 GB
Initial GC threshold: 21.00 MB
Current GC threshold: 21.00 MB
CDS: on
 - commit_granule_bytes: 65536.
 - commit_granule_words: 8192.
 - virtual_space_node_default_size: 8388608.
 - enlarge_chunks_in_place: 1.
 - use_allocation_guard: 0.


Internal statistics:

num_allocs_failed_limit: 0.
num_arena_births: 320.
num_arena_deaths: 0.
num_vsnodes_births: 2.
num_vsnodes_deaths: 0.
num_space_committed: 207.
num_space_uncommitted: 0.
num_chunks_returned_to_freelist: 0.
num_chunks_taken_from_freelist: 669.
num_chunk_merges: 0.
num_chunk_splits: 389.
num_chunks_enlarged: 201.
num_inconsistent_stats: 0.

CodeHeap 'non-profiled nmethods': size=120064Kb used=582Kb max_used=582Kb free=119481Kb
 bounds [0x000002b107ac0000, 0x000002b107d30000, 0x000002b10f000000]
CodeHeap 'profiled nmethods': size=120000Kb used=3497Kb max_used=3497Kb free=116502Kb
 bounds [0x000002b100000000, 0x000002b100370000, 0x000002b107530000]
CodeHeap 'non-nmethods': size=5696Kb used=1462Kb max_used=1478Kb free=4233Kb
 bounds [0x000002b107530000, 0x000002b1077a0000, 0x000002b107ac0000]
 total_blobs=2340 nmethods=1796 adapters=450
 compilation: enabled
              stopped_count=0, restarted_count=0
 full_count=0

Compilation events (20 events):
Event: 36.920 Thread 0x000002b17a87af60 1789       3       java.nio.CharBuffer::limit (6 bytes)
Event: 36.920 Thread 0x000002b17a87af60 nmethod 1789 0x000002b100364390 code [0x000002b100364540, 0x000002b1003646f0]
Event: 37.024 Thread 0x000002b17a87af60 1790       3       java.lang.ThreadLocal::get (35 bytes)
Event: 37.025 Thread 0x000002b17a87af60 nmethod 1790 0x000002b100364810 code [0x000002b1003649e0, 0x000002b100364cf8]
Event: 37.029 Thread 0x000002b17a87af60 1791       1       com.google.common.base.Splitter::access$200 (5 bytes)
Event: 37.029 Thread 0x000002b17a87af60 nmethod 1791 0x000002b107b51290 code [0x000002b107b51420, 0x000002b107b514d0]
Event: 37.029 Thread 0x000002b17a87af60 1792       1       com.google.common.base.Splitter::access$300 (5 bytes)
Event: 37.029 Thread 0x000002b17a87af60 nmethod 1792 0x000002b107b51590 code [0x000002b107b51720, 0x000002b107b517d0]
Event: 37.029 Thread 0x000002b17a87af60 1793       1       com.google.common.base.Splitter::access$400 (5 bytes)
Event: 37.029 Thread 0x000002b17a87af60 nmethod 1793 0x000002b107b51890 code [0x000002b107b51a20, 0x000002b107b51ad0]
Event: 37.037 Thread 0x000002b17a87af60 1794       3       java.util.HashMap::containsKey (14 bytes)
Event: 37.037 Thread 0x000002b17a87af60 nmethod 1794 0x000002b100364e90 code [0x000002b100365040, 0x000002b1003651d0]
Event: 37.037 Thread 0x000002b17a87af60 1795       3       java.util.TreeMap::fixAfterInsertion (267 bytes)
Event: 37.041 Thread 0x000002b17a87af60 nmethod 1795 0x000002b100365290 code [0x000002b100365740, 0x000002b100367cc0]
Event: 37.047 Thread 0x000002b17a87af60 1796       3       java.util.concurrent.locks.AbstractQueuedSynchronizer::<init> (5 bytes)
Event: 37.047 Thread 0x000002b17a87af60 nmethod 1796 0x000002b100368910 code [0x000002b100368ac0, 0x000002b100368c88]
Event: 37.047 Thread 0x000002b17a87af60 1797       3       java.util.concurrent.locks.AbstractOwnableSynchronizer::<init> (5 bytes)
Event: 37.048 Thread 0x000002b17a87af60 nmethod 1797 0x000002b100368d90 code [0x000002b100368f40, 0x000002b1003690a8]
Event: 37.048 Thread 0x000002b17a87af60 1798       3       java.util.concurrent.locks.ReentrantLock::<init> (16 bytes)
Event: 37.048 Thread 0x000002b17a87af60 nmethod 1798 0x000002b100369190 code [0x000002b100369360, 0x000002b100369758]

GC Heap History (8 events):
Event: 3.267 GC heap before
{Heap before GC invocations=0 (full 0):
 garbage-first heap   total 63488K, used 5120K [0x00000000c2c00000, 0x0000000100000000)
  region size 1024K, 6 young (6144K), 0 survivors (0K)
 Metaspace       used 613K, committed 768K, reserved 1114112K
  class space    used 47K, committed 128K, reserved 1048576K
}
Event: 3.286 GC heap after
{Heap after GC invocations=1 (full 0):
 garbage-first heap   total 63488K, used 4384K [0x00000000c2c00000, 0x0000000100000000)
  region size 1024K, 1 young (1024K), 1 survivors (1024K)
 Metaspace       used 613K, committed 768K, reserved 1114112K
  class space    used 47K, committed 128K, reserved 1048576K
}
Event: 4.275 GC heap before
{Heap before GC invocations=1 (full 0):
 garbage-first heap   total 63488K, used 7456K [0x00000000c2c00000, 0x0000000100000000)
  region size 1024K, 4 young (4096K), 1 survivors (1024K)
 Metaspace       used 1636K, committed 1792K, reserved 1114112K
  class space    used 173K, committed 256K, reserved 1048576K
}
Event: 4.284 GC heap after
{Heap after GC invocations=2 (full 0):
 garbage-first heap   total 63488K, used 5414K [0x00000000c2c00000, 0x0000000100000000)
  region size 1024K, 1 young (1024K), 1 survivors (1024K)
 Metaspace       used 1636K, committed 1792K, reserved 1114112K
  class space    used 173K, committed 256K, reserved 1048576K
}
Event: 19.847 GC heap before
{Heap before GC invocations=2 (full 0):
 garbage-first heap   total 63488K, used 10534K [0x00000000c2c00000, 0x0000000100000000)
  region size 1024K, 7 young (7168K), 1 survivors (1024K)
 Metaspace       used 6026K, committed 6208K, reserved 1114112K
  class space    used 688K, committed 768K, reserved 1048576K
}
Event: 19.856 GC heap after
{Heap after GC invocations=3 (full 0):
 garbage-first heap   total 63488K, used 6751K [0x00000000c2c00000, 0x0000000100000000)
  region size 1024K, 1 young (1024K), 1 survivors (1024K)
 Metaspace       used 6026K, committed 6208K, reserved 1114112K
  class space    used 688K, committed 768K, reserved 1048576K
}
Event: 24.937 GC heap before
{Heap before GC invocations=3 (full 0):
 garbage-first heap   total 63488K, used 18015K [0x00000000c2c00000, 0x0000000100000000)
  region size 1024K, 13 young (13312K), 1 survivors (1024K)
 Metaspace       used 10278K, committed 10496K, reserved 1114112K
  class space    used 1194K, committed 1280K, reserved 1048576K
}
Event: 24.945 GC heap after
{Heap after GC invocations=4 (full 0):
 garbage-first heap   total 63488K, used 8311K [0x00000000c2c00000, 0x0000000100000000)
  region size 1024K, 2 young (2048K), 2 survivors (2048K)
 Metaspace       used 10278K, committed 10496K, reserved 1114112K
  class space    used 1194K, committed 1280K, reserved 1048576K
}

Dll operation events (8 events):
Event: 0.040 Loaded shared library C:\Program Files\Java\jdk-21\bin\java.dll
Event: 0.590 Loaded shared library C:\Program Files\Java\jdk-21\bin\jsvml.dll
Event: 2.092 Loaded shared library C:\Program Files\Java\jdk-21\bin\net.dll
Event: 2.098 Loaded shared library C:\Program Files\Java\jdk-21\bin\nio.dll
Event: 2.109 Loaded shared library C:\Program Files\Java\jdk-21\bin\zip.dll
Event: 2.549 Loaded shared library C:\Program Files\Java\jdk-21\bin\jimage.dll
Event: 3.460 Loaded shared library C:\Program Files\Java\jdk-21\bin\extnet.dll
Event: 21.514 Loaded shared library C:\Program Files\Java\jdk-21\bin\sunmscapi.dll

Deoptimization events (20 events):
Event: 24.563 Thread 0x000002b16ce748e0 DEOPT PACKING pc=0x000002b107b32b98 sp=0x000000f7661fe8f0
Event: 24.563 Thread 0x000002b16ce748e0 DEOPT UNPACKING pc=0x000002b10758469c sp=0x000000f7661fe8b8 mode 2
Event: 24.678 Thread 0x000002b16ce748e0 Uncommon trap: trap_request=0xffffffde fr.pc=0x000002b107b390c4 relative=0x0000000000000124
Event: 24.678 Thread 0x000002b16ce748e0 Uncommon trap: reason=class_check action=maybe_recompile pc=0x000002b107b390c4 method=jdk.internal.misc.Unsafe.allocateUninitializedArray(Ljava/lang/Class;I)Ljava/lang/Object; @ 51 c2
Event: 24.678 Thread 0x000002b16ce748e0 DEOPT PACKING pc=0x000002b107b390c4 sp=0x000000f7661fa220
Event: 24.678 Thread 0x000002b16ce748e0 DEOPT UNPACKING pc=0x000002b10758469c sp=0x000000f7661fa198 mode 2
Event: 24.678 Thread 0x000002b16ce748e0 Uncommon trap: trap_request=0xffffffde fr.pc=0x000002b107b390c4 relative=0x0000000000000124
Event: 24.678 Thread 0x000002b16ce748e0 Uncommon trap: reason=class_check action=maybe_recompile pc=0x000002b107b390c4 method=jdk.internal.misc.Unsafe.allocateUninitializedArray(Ljava/lang/Class;I)Ljava/lang/Object; @ 51 c2
Event: 24.678 Thread 0x000002b16ce748e0 DEOPT PACKING pc=0x000002b107b390c4 sp=0x000000f7661fa500
Event: 24.678 Thread 0x000002b16ce748e0 DEOPT UNPACKING pc=0x000002b10758469c sp=0x000000f7661fa478 mode 2
Event: 24.678 Thread 0x000002b16ce748e0 Uncommon trap: trap_request=0xffffffde fr.pc=0x000002b107b390c4 relative=0x0000000000000124
Event: 24.678 Thread 0x000002b16ce748e0 Uncommon trap: reason=class_check action=maybe_recompile pc=0x000002b107b390c4 method=jdk.internal.misc.Unsafe.allocateUninitializedArray(Ljava/lang/Class;I)Ljava/lang/Object; @ 51 c2
Event: 24.678 Thread 0x000002b16ce748e0 DEOPT PACKING pc=0x000002b107b390c4 sp=0x000000f7661fa5a0
Event: 24.678 Thread 0x000002b16ce748e0 DEOPT UNPACKING pc=0x000002b10758469c sp=0x000000f7661fa518 mode 2
Event: 24.678 Thread 0x000002b16ce748e0 Uncommon trap: trap_request=0xffffffde fr.pc=0x000002b107b390c4 relative=0x0000000000000124
Event: 24.678 Thread 0x000002b16ce748e0 Uncommon trap: reason=class_check action=maybe_recompile pc=0x000002b107b390c4 method=jdk.internal.misc.Unsafe.allocateUninitializedArray(Ljava/lang/Class;I)Ljava/lang/Object; @ 51 c2
Event: 24.678 Thread 0x000002b16ce748e0 DEOPT PACKING pc=0x000002b107b390c4 sp=0x000000f7661f9f10
Event: 24.678 Thread 0x000002b16ce748e0 DEOPT UNPACKING pc=0x000002b10758469c sp=0x000000f7661f9e88 mode 2
Event: 36.909 Thread 0x000002b16ce748e0 DEOPT PACKING pc=0x000002b1000767f0 sp=0x000000f7661fe120
Event: 36.909 Thread 0x000002b16ce748e0 DEOPT UNPACKING pc=0x000002b107584e23 sp=0x000000f7661fd6d0 mode 0

Classes loaded (20 events):
Event: 35.214 Loading class java/util/stream/LongPipeline
Event: 35.230 Loading class java/util/stream/LongStream
Event: 35.243 Loading class java/util/stream/LongStream done
Event: 35.244 Loading class java/util/stream/LongPipeline done
Event: 35.244 Loading class java/util/stream/LongPipeline$StatelessOp done
Event: 35.244 Loading class java/util/stream/ReferencePipeline$5 done
Event: 35.245 Loading class java/util/stream/FindOps$FindSink$OfLong
Event: 35.250 Loading class java/util/stream/Sink$OfLong
Event: 35.260 Loading class java/util/stream/Sink$OfLong done
Event: 35.260 Loading class java/util/stream/FindOps$FindSink$OfLong done
Event: 35.260 Loading class java/util/OptionalLong
Event: 35.266 Loading class java/util/OptionalLong done
Event: 35.278 Loading class java/util/stream/ReferencePipeline$5$1
Event: 35.278 Loading class java/util/stream/ReferencePipeline$5$1 done
Event: 35.280 Loading class java/lang/invoke/VarHandleBytes$FieldInstanceReadWrite
Event: 35.290 Loading class java/lang/invoke/VarHandleBytes$FieldInstanceReadOnly
Event: 35.292 Loading class java/lang/invoke/VarHandleBytes$FieldInstanceReadOnly done
Event: 35.292 Loading class java/lang/invoke/VarHandleBytes$FieldInstanceReadWrite done
Event: 36.032 Loading class java/util/DualPivotQuicksort
Event: 36.036 Loading class java/util/DualPivotQuicksort done

Classes unloaded (0 events):
No events

Classes redefined (0 events):
No events

Internal exceptions (20 events):
Event: 22.110 Thread 0x000002b16ce748e0 Exception <a 'java/lang/NoSuchMethodError'{0x00000000c6012050}: 'java.lang.Object java.lang.invoke.DirectMethodHandle$Holder.invokeInterface(java.lang.Object, java.lang.Object, java.lang.Object)'> (0x00000000c6012050) 
thrown [s\open\src\hotspot\share\interpreter\linkResolver.cpp, line 773]
Event: 22.110 Thread 0x000002b16ce748e0 Exception <a 'java/lang/IncompatibleClassChangeError'{0x00000000c6015438}: Found class java.lang.Object, but interface was expected> (0x00000000c6015438) 
thrown [s\open\src\hotspot\share\interpreter\linkResolver.cpp, line 840]
Event: 22.114 Thread 0x000002b16ce748e0 Exception <a 'java/lang/NoSuchMethodError'{0x00000000c601c648}: 'int java.lang.invoke.DirectMethodHandle$Holder.invokeSpecialIFC(java.lang.Object, java.lang.Object, java.lang.Object, java.lang.Object)'> (0x00000000c601c648) 
thrown [s\open\src\hotspot\share\interpreter\linkResolver.cpp, line 773]
Event: 22.286 Thread 0x000002b16ce748e0 Exception <a 'java/lang/NoSuchMethodError'{0x00000000c608de98}: 'java.lang.Object java.lang.invoke.DirectMethodHandle$Holder.invokeVirtual(java.lang.Object, java.lang.Object, java.lang.Object, java.lang.Object)'> (0x00000000c608de98) 
thrown [s\open\src\hotspot\share\interpreter\linkResolver.cpp, line 773]
Event: 22.437 Thread 0x000002b17f44e3a0 Exception <a 'java/net/ConnectException'{0x00000000c5f07148}: Connection refused: getsockopt> (0x00000000c5f07148) 
thrown [s\open\src\hotspot\share\prims\jni.cpp, line 539]
Event: 22.500 Thread 0x000002b17f44e3a0 Exception <a 'java/net/ConnectException'{0x00000000c5f081b8}: Connection refused: getsockopt> (0x00000000c5f081b8) 
thrown [s\open\src\hotspot\share\prims\jni.cpp, line 539]
Event: 22.643 Thread 0x000002b17f44e3a0 Exception <a 'java/net/ConnectException'{0x00000000c5f09050}: Connection refused: getsockopt> (0x00000000c5f09050) 
thrown [s\open\src\hotspot\share\prims\jni.cpp, line 539]
Event: 22.915 Thread 0x000002b17f44e3a0 Exception <a 'java/net/ConnectException'{0x00000000c5f09ee8}: Connection refused: getsockopt> (0x00000000c5f09ee8) 
thrown [s\open\src\hotspot\share\prims\jni.cpp, line 539]
Event: 23.026 Thread 0x000002b17f44e3a0 Exception <a 'java/net/ConnectException'{0x00000000c5f0ad80}: Connection refused: getsockopt> (0x00000000c5f0ad80) 
thrown [s\open\src\hotspot\share\prims\jni.cpp, line 539]
Event: 23.201 Thread 0x000002b17f44e3a0 Exception <a 'java/net/ConnectException'{0x00000000c5f0bc18}: Connection refused: getsockopt> (0x00000000c5f0bc18) 
thrown [s\open\src\hotspot\share\prims\jni.cpp, line 539]
Event: 23.547 Thread 0x000002b17f44e3a0 Exception <a 'java/net/ConnectException'{0x00000000c5f0cab0}: Connection refused: getsockopt> (0x00000000c5f0cab0) 
thrown [s\open\src\hotspot\share\prims\jni.cpp, line 539]
Event: 24.514 Thread 0x000002b16ce748e0 Exception <a 'java/lang/NoSuchMethodError'{0x00000000c5e3c130}: 'java.lang.Object java.lang.invoke.DirectMethodHandle$Holder.newInvokeSpecial(java.lang.Object, java.lang.Object, int, int)'> (0x00000000c5e3c130) 
thrown [s\open\src\hotspot\share\interpreter\linkResolver.cpp, line 773]
Event: 24.515 Thread 0x000002b16ce748e0 Exception <a 'java/lang/NoSuchMethodError'{0x00000000c5e465f0}: 'void java.lang.invoke.DirectMethodHandle$Holder.invokeStatic(java.lang.Object, java.lang.Object, int)'> (0x00000000c5e465f0) 
thrown [s\open\src\hotspot\share\interpreter\linkResolver.cpp, line 773]
Event: 24.744 Thread 0x000002b16ce748e0 Exception <a 'java/lang/NoSuchMethodError'{0x00000000c5d58ff0}: 'java.lang.Object java.lang.invoke.DirectMethodHandle$Holder.newInvokeSpecial(java.lang.Object, java.lang.Object, java.lang.Object, java.lang.Object, java.lang.Object)'> (0x00000000c5d58ff0) 
thrown [s\open\src\hotspot\share\interpreter\linkResolver.cpp, line 773]
Event: 25.171 Thread 0x000002b16ce748e0 Exception <a 'java/lang/NoSuchMethodError'{0x00000000c6727780}: 'void java.lang.invoke.DirectMethodHandle$Holder.invokeSpecial(java.lang.Object, java.lang.Object, java.lang.Object)'> (0x00000000c6727780) 
thrown [s\open\src\hotspot\share\interpreter\linkResolver.cpp, line 773]
Event: 25.430 Thread 0x000002b17f797030 Exception <a 'java/lang/NoSuchMethodError'{0x00000000c67f3a90}: 'java.lang.Object java.lang.invoke.DirectMethodHandle$Holder.invokeSpecial(java.lang.Object, java.lang.Object, java.lang.Object, java.lang.Object, int)'> (0x00000000c67f3a90) 
thrown [s\open\src\hotspot\share\interpreter\linkResolver.cpp, line 773]
Event: 25.430 Thread 0x000002b17f797030 Exception <a 'java/lang/NoSuchMethodError'{0x00000000c67f73d8}: 'java.lang.Object java.lang.invoke.Invokers$Holder.linkToTargetMethod(java.lang.Object, java.lang.Object, int, java.lang.Object)'> (0x00000000c67f73d8) 
thrown [s\open\src\hotspot\share\interpreter\linkResolver.cpp, line 773]
Event: 25.490 Thread 0x000002b17f797030 Exception <a 'java/lang/NoSuchMethodError'{0x00000000c66377b8}: 'void java.lang.invoke.DirectMethodHandle$Holder.invokeSpecial(java.lang.Object, java.lang.Object, java.lang.Object, java.lang.Object, java.lang.Object)'> (0x00000000c66377b8) 
thrown [s\open\src\hotspot\share\interpreter\linkResolver.cpp, line 773]
Event: 35.312 Thread 0x000002b17f797d50 Exception <a 'java/lang/NoSuchMethodError'{0x00000000c654efc0}: 'void java.lang.invoke.DirectMethodHandle$Holder.invokeSpecial(java.lang.Object, java.lang.Object, java.lang.Object, java.lang.Object, java.lang.Object, java.lang.Object, java.lang.Object)'> (0x00000000c654efc0) 
thrown [s\open\src\hotspot\share\interpreter\linkResolver.cpp, line 773]
Event: 36.595 Thread 0x000002b16ce748e0 Exception <a 'java/lang/NoSuchMethodError'{0x00000000c6312ee8}: 'java.lang.Object java.lang.invoke.DirectMethodHandle$Holder.invokeSpecialIFC(java.lang.Object, java.lang.Object, java.lang.Object)'> (0x00000000c6312ee8) 
thrown [s\open\src\hotspot\share\interpreter\linkResolver.cpp, line 773]

ZGC Phase Switch (0 events):
No events

VM Operations (20 events):
Event: 23.921 Executing VM operation: HandshakeAllThreads (Deoptimize)
Event: 23.944 Executing VM operation: HandshakeAllThreads (Deoptimize) done
Event: 23.980 Executing VM operation: HandshakeAllThreads (Deoptimize)
Event: 23.980 Executing VM operation: HandshakeAllThreads (Deoptimize) done
Event: 24.578 Executing VM operation: HandshakeAllThreads (Deoptimize)
Event: 24.578 Executing VM operation: HandshakeAllThreads (Deoptimize) done
Event: 24.578 Executing VM operation: Cleanup
Event: 24.578 Executing VM operation: Cleanup done
Event: 24.937 Executing VM operation: G1CollectForAllocation (G1 Evacuation Pause)
Event: 24.945 Executing VM operation: G1CollectForAllocation (G1 Evacuation Pause) done
Event: 25.947 Executing VM operation: Cleanup
Event: 25.947 Executing VM operation: Cleanup done
Event: 35.104 Executing VM operation: HandshakeAllThreads (Deoptimize)
Event: 35.104 Executing VM operation: HandshakeAllThreads (Deoptimize) done
Event: 35.104 Executing VM operation: Cleanup
Event: 35.104 Executing VM operation: Cleanup done
Event: 35.129 Executing VM operation: HandshakeAllThreads (Deoptimize)
Event: 35.129 Executing VM operation: HandshakeAllThreads (Deoptimize) done
Event: 36.142 Executing VM operation: Cleanup
Event: 36.142 Executing VM operation: Cleanup done

Events (20 events):
Event: 0.582 Thread 0x000002b17a8093f0 Thread added: 0x000002b17a8093f0
Event: 0.582 Thread 0x000002b17a809e50 Thread added: 0x000002b17a809e50
Event: 0.582 Thread 0x000002b17a80abe0 Thread added: 0x000002b17a80abe0
Event: 0.661 Thread 0x000002b17a87af60 Thread added: 0x000002b17a87af60
Event: 2.032 Thread 0x000002b17aa4e890 Thread added: 0x000002b17aa4e890
Event: 2.042 Thread 0x000002b17aa510d0 Thread added: 0x000002b17aa510d0
Event: 4.549 Thread 0x000002b17f36b350 Thread added: 0x000002b17f36b350
Event: 18.082 Thread 0x000002b17f36b350 Thread exited: 0x000002b17f36b350
Event: 18.531 Thread 0x000002b17aaf0970 Thread added: 0x000002b17aaf0970
Event: 21.708 Thread 0x000002b17f338720 Thread added: 0x000002b17f338720
Event: 22.309 Thread 0x000002b17f44d050 Thread added: 0x000002b17f44d050
Event: 22.332 Thread 0x000002b17f44d6c0 Thread added: 0x000002b17f44d6c0
Event: 22.333 Thread 0x000002b17f44dd30 Thread added: 0x000002b17f44dd30
Event: 22.379 Thread 0x000002b17f44e3a0 Thread added: 0x000002b17f44e3a0
Event: 23.921 Thread 0x000002b17f359850 Thread added: 0x000002b17f359850
Event: 25.297 Thread 0x000002b17f797030 Thread added: 0x000002b17f797030
Event: 25.564 Thread 0x000002b17f797d50 Thread added: 0x000002b17f797d50
Event: 34.022 Thread 0x000002b17f359850 Thread exited: 0x000002b17f359850
Event: 35.460 Thread 0x000002b17f7976c0 Thread added: 0x000002b17f7976c0
Event: 35.515 Thread 0x000002b17f7976c0 Thread exited: 0x000002b17f7976c0


Dynamic libraries:
0x00007ff79a7a0000 - 0x00007ff79a7b0000 	C:\Program Files\Java\jdk-21\bin\javaw.exe
0x00007ffcb12d0000 - 0x00007ffcb14e7000 	C:\WINDOWS\SYSTEM32\ntdll.dll
0x00007ffcb06a0000 - 0x00007ffcb0764000 	C:\WINDOWS\System32\KERNEL32.DLL
0x00007ffcae720000 - 0x00007ffcaeacd000 	C:\WINDOWS\System32\KERNELBASE.dll
0x00007ffcaec70000 - 0x00007ffcaed81000 	C:\WINDOWS\System32\ucrtbase.dll
0x00007ffc81810000 - 0x00007ffc81829000 	C:\Program Files\Java\jdk-21\bin\jli.dll
0x00007ffcafd70000 - 0x00007ffcafe22000 	C:\WINDOWS\System32\ADVAPI32.dll
0x00007ffcafa40000 - 0x00007ffcafae7000 	C:\WINDOWS\System32\msvcrt.dll
0x00007ffcb0b60000 - 0x00007ffcb0c09000 	C:\WINDOWS\System32\sechost.dll
0x00007ffcaef30000 - 0x00007ffcaef58000 	C:\WINDOWS\System32\bcrypt.dll
0x00007ffcafbb0000 - 0x00007ffcafcc4000 	C:\WINDOWS\System32\RPCRT4.dll
0x00007ffcb0f20000 - 0x00007ffcb10ce000 	C:\WINDOWS\System32\USER32.dll
0x00007ffcaec40000 - 0x00007ffcaec66000 	C:\WINDOWS\System32\win32u.dll
0x00007ffcb0e60000 - 0x00007ffcb0e89000 	C:\WINDOWS\System32\GDI32.dll
0x00007ffcaee10000 - 0x00007ffcaef29000 	C:\WINDOWS\System32\gdi32full.dll
0x00007ffcaef60000 - 0x00007ffcaeffa000 	C:\WINDOWS\System32\msvcp_win.dll
0x00007ffc817f0000 - 0x00007ffc8180b000 	C:\Program Files\Java\jdk-21\bin\VCRUNTIME140.dll
0x00007ffc93b60000 - 0x00007ffc93df3000 	C:\WINDOWS\WinSxS\amd64_microsoft.windows.common-controls_6595b64144ccf1df_6.0.22621.3672_none_2713b9d173822955\COMCTL32.dll
0x00007ffca50b0000 - 0x00007ffca50ba000 	C:\WINDOWS\SYSTEM32\VERSION.dll
0x00007ffcafcd0000 - 0x00007ffcafd01000 	C:\WINDOWS\System32\IMM32.DLL
0x00007ffc817e0000 - 0x00007ffc817ec000 	C:\Program Files\Java\jdk-21\bin\vcruntime140_1.dll
0x00007ffc81750000 - 0x00007ffc817de000 	C:\Program Files\Java\jdk-21\bin\msvcp140.dll
0x00007ffc80a30000 - 0x00007ffc81747000 	C:\Program Files\Java\jdk-21\bin\server\jvm.dll
0x00007ffcaf9c0000 - 0x00007ffcafa31000 	C:\WINDOWS\System32\WS2_32.dll
0x00007ffcae400000 - 0x00007ffcae44d000 	C:\WINDOWS\SYSTEM32\POWRPROF.dll
0x00007ffca4d40000 - 0x00007ffca4d74000 	C:\WINDOWS\SYSTEM32\WINMM.dll
0x00007ffcae2e0000 - 0x00007ffcae2f3000 	C:\WINDOWS\SYSTEM32\UMPDC.dll
0x00007ffcad5f0000 - 0x00007ffcad608000 	C:\WINDOWS\SYSTEM32\kernel.appcore.dll
0x00007ffc818c0000 - 0x00007ffc818ca000 	C:\Program Files\Java\jdk-21\bin\jimage.dll
0x00007ffcabe70000 - 0x00007ffcac0a2000 	C:\WINDOWS\SYSTEM32\DBGHELP.DLL
0x00007ffcaf160000 - 0x00007ffcaf4ed000 	C:\WINDOWS\System32\combase.dll
0x00007ffcb0800000 - 0x00007ffcb08d7000 	C:\WINDOWS\System32\OLEAUT32.dll
0x00007ffc86110000 - 0x00007ffc86142000 	C:\WINDOWS\SYSTEM32\dbgcore.DLL
0x00007ffcaed90000 - 0x00007ffcaee0b000 	C:\WINDOWS\System32\bcryptPrimitives.dll
0x00007ffc818a0000 - 0x00007ffc818bf000 	C:\Program Files\Java\jdk-21\bin\java.dll
0x00007ffcafe30000 - 0x00007ffcb0698000 	C:\WINDOWS\System32\SHELL32.dll
0x00007ffcac4f0000 - 0x00007ffcacdee000 	C:\WINDOWS\SYSTEM32\windows.storage.dll
0x00007ffcac3b0000 - 0x00007ffcac4ef000 	C:\WINDOWS\SYSTEM32\wintypes.dll
0x00007ffcb08f0000 - 0x00007ffcb09e9000 	C:\WINDOWS\System32\SHCORE.dll
0x00007ffcb0de0000 - 0x00007ffcb0e3e000 	C:\WINDOWS\System32\shlwapi.dll
0x00007ffcae520000 - 0x00007ffcae541000 	C:\WINDOWS\SYSTEM32\profapi.dll
0x00007ffc80870000 - 0x00007ffc80947000 	C:\Program Files\Java\jdk-21\bin\jsvml.dll
0x00007ffc80490000 - 0x00007ffc804a0000 	C:\Program Files\Java\jdk-21\bin\net.dll
0x00007ffca5c10000 - 0x00007ffca5d46000 	C:\WINDOWS\SYSTEM32\WINHTTP.dll
0x00007ffcada50000 - 0x00007ffcadab9000 	C:\WINDOWS\system32\mswsock.dll
0x00007ffc80470000 - 0x00007ffc80486000 	C:\Program Files\Java\jdk-21\bin\nio.dll
0x00007ffc81860000 - 0x00007ffc81878000 	C:\Program Files\Java\jdk-21\bin\zip.dll
0x00007ffc84b60000 - 0x00007ffc84b69000 	C:\Program Files\Java\jdk-21\bin\extnet.dll
0x00007ffcad110000 - 0x00007ffcad208000 	C:\WINDOWS\SYSTEM32\DNSAPI.dll
0x00007ffcad0e0000 - 0x00007ffcad10d000 	C:\WINDOWS\SYSTEM32\IPHLPAPI.DLL
0x00007ffcb08e0000 - 0x00007ffcb08e9000 	C:\WINDOWS\System32\NSI.dll
0x00007ffca78e0000 - 0x00007ffca78ea000 	C:\Windows\System32\rasadhlp.dll
0x00007ffc9f890000 - 0x00007ffc9f913000 	C:\WINDOWS\System32\fwpuclnt.dll
0x00007ffcadc70000 - 0x00007ffcadc8b000 	C:\WINDOWS\SYSTEM32\CRYPTSP.dll
0x00007ffcad550000 - 0x00007ffcad585000 	C:\WINDOWS\system32\rsaenh.dll
0x00007ffcadb10000 - 0x00007ffcadb38000 	C:\WINDOWS\SYSTEM32\USERENV.dll
0x00007ffcadc90000 - 0x00007ffcadc9c000 	C:\WINDOWS\SYSTEM32\CRYPTBASE.dll
0x00007ffc7c2c0000 - 0x00007ffc7c2ce000 	C:\Program Files\Java\jdk-21\bin\sunmscapi.dll
0x00007ffcaead0000 - 0x00007ffcaec37000 	C:\WINDOWS\System32\CRYPT32.dll
0x00007ffcadeb0000 - 0x00007ffcadede000 	C:\WINDOWS\SYSTEM32\ncrypt.dll
0x00007ffcade70000 - 0x00007ffcadea7000 	C:\WINDOWS\SYSTEM32\NTASN1.dll
0x00007ffca59a0000 - 0x00007ffca59a8000 	C:\WINDOWS\system32\wshunix.dll

dbghelp: loaded successfully - version: 4.0.5 - missing functions: none
symbol engine: initialized successfully - sym options: 0x614 - pdb path: .;C:\Program Files\Java\jdk-21\bin;C:\WINDOWS\SYSTEM32;C:\WINDOWS\WinSxS\amd64_microsoft.windows.common-controls_6595b64144ccf1df_6.0.22621.3672_none_2713b9d173822955;C:\Program Files\Java\jdk-21\bin\server

VM Arguments:
jvm_args: -Dfile.encoding=UTF-8 -Dstdout.encoding=UTF-8 -Dstderr.encoding=UTF-8 -XX:+ShowCodeDetailsInExceptionMessages 
java_command: practice.basics.DatePicker2
java_class_path (initial): C:\Users\ROHIT M\eclipse-workspace\Selenium_CRM_GUI_Framework\target\test-classes;C:\Users\ROHIT M\eclipse-workspace\Selenium_CRM_GUI_Framework\target\classes;C:\Users\ROHIT M\.m2\repository\org\seleniumhq\selenium\selenium-java\4.15.0\selenium-java-4.15.0.jar;C:\Users\ROHIT M\.m2\repository\org\seleniumhq\selenium\selenium-api\4.15.0\selenium-api-4.15.0.jar;C:\Users\ROHIT M\.m2\repository\org\seleniumhq\selenium\selenium-chrome-driver\4.15.0\selenium-chrome-driver-4.15.0.jar;C:\Users\ROHIT M\.m2\repository\com\google\auto\service\auto-service-annotations\1.1.1\auto-service-annotations-1.1.1.jar;C:\Users\ROHIT M\.m2\repository\org\seleniumhq\selenium\selenium-chromium-driver\4.15.0\selenium-chromium-driver-4.15.0.jar;C:\Users\ROHIT M\.m2\repository\org\seleniumhq\selenium\selenium-json\4.15.0\selenium-json-4.15.0.jar;C:\Users\ROHIT M\.m2\repository\org\seleniumhq\selenium\selenium-manager\4.15.0\selenium-manager-4.15.0.jar;C:\Users\ROHIT M\.m2\repository\org\seleniumhq\selenium\selenium-devtools-v117\4.15.0\selenium-devtools-v117-4.15.0.jar;C:\Users\ROHIT M\.m2\repository\org\seleniumhq\selenium\selenium-devtools-v118\4.15.0\selenium-devtools-v118-4.15.0.jar;C:\Users\ROHIT M\.m2\repository\org\seleniumhq\selenium\selenium-devtools-v119\4.15.0\selenium-devtools-v119-4.15.0.jar;C:\Users\ROHIT M\.m2\repository\org\seleniumhq\selenium\selenium-devtools-v85\4.15.0\selenium-devtools-v85-4.15.0.jar;C:\Users\ROHIT M\.m2\repository\org\seleniumhq\selenium\selenium-edge-driver\4.15.0\selenium-edge-driver-4.15.0.jar;C:\Users\ROHIT M\.m2\repository\org\seleniumhq\selenium\selenium-firefox-driver\4.15.0\selenium-firefox-driver-4.15.0.jar;C:\Users\ROHIT M\.m2\repository\org\seleniumhq\selenium\selenium-http\4.15.0\selenium-http-4.15.0.jar;C:\Users\ROHIT M\.m2\repository\dev\failsafe\failsafe\3.3.2\failsafe-3.3.2.jar;C:\Users\ROHIT M\.m2\repository\org\seleniumhq\selenium\selenium-ie-driver\4.15.0\selenium-ie-driver-4.15.0.jar;C:\Users\ROHIT M\.m2\repository\org\seleniumhq\selenium\selenium-remote-driver\4.15.0\selenium-remote-driver-4.15.0.jar;C:\Users\ROHIT M\.m2\repository\com\google\guava\guava\32.1.2-jre\guava-32.1.2-jre.jar;C:\Users\ROHIT M\.m2\repository\com\google\guava\failureaccess\1.0.1\failureaccess-1.0.1.jar;C:\Users\ROHIT M\.m2\repository\com\google\guava\listenablefuture\9999.0-empty-to-avoid-conflict-with-guava\listenablefuture-9999.0-empty-to-avoid-conflict-with-guava.jar;C:\Users\ROHIT M\.m2\repository\com\google\code\findbugs\jsr305\3.0.2\jsr305-3.0.2.jar;C:\Users\ROHIT M\.m2\repository\org\checkerframework\checker-qual\3.33.0\checker-qual-3.33.0.jar;C:\Users\ROHIT M\.m2\repository\com\google\errorprone\error_prone_annotations\2.18.0\error_prone_annotations-2.18.0.jar;C:\Users\ROHIT M\.m2\repository\com\google\j2objc\j2objc-annotations\2.8\j2objc-annotations-2.8.jar;C:\Users\ROHIT M\.m2\repository\io\opentelemetry\opentelemetry-api\1.28.0\opentelemetry-api-1.28.0.jar;C:\Users\ROHIT M\.m2\repository\io\opentelemetry\opentelemetry-context\1.28.0\opentelemetry-context-1.28.0.jar;C:\Users\ROHIT M\.m2\repository\io\opentelemetry\opentelemetry-exporter-logging\1.28.0\opentelemetry-exporter-logging-1.28.0.jar;C:\Users\ROHIT M\.m2\repository\io\opentelemetry\opentelemetry-sdk-metrics\1.28.0\opentelemetry-sdk-metrics-1.28.0.jar;C:\Users\ROHIT M\.m2\repository\io\opentelemetry\opentelemetry-extension-incubator\1.28.0-alpha\opentelemetry-extension-incubator-1.28.0-alpha.jar;C:\Users\ROHIT M\.m2\repository\io\opentelemetry\opentelemetry-sdk-logs\1.28.0\opentelemetry-sdk-logs-1.28.0.jar;C:\Users\ROHIT M\.m2\repository\io\opentelemetry\opentelemetry-sdk-common\1.28.0\opentelemetry-sdk-common-1.28.0.jar;C:\Users\ROHIT M\.m2\repository\io\opentelemetry\opentelemetry-sdk-extension-autoconfigure-spi\1.28.0\opentelemetry-sdk-extension-autoconfigure-spi-1.28.0.jar;C:\Users\ROHIT M\.m2\repository\io\opentelemetry\opentelemetry-sdk-extension-autoconfigure\1.28.0\opentelemetry-sdk-extension-autoconfigure-1.28.0.jar;C:\Users\ROHIT M\.m2\repository\io\opentelemetry\opentelemetry-api-events\1.28.0-alpha\opentelemetry-api-events-1.28.0-alpha.jar;C:\Users\ROHIT M\.m2\repository\io\opentelemetry\opentelemetry-sdk-trace\1.28.0\opentelemetry-sdk-trace-1.28.0.jar;C:\Users\ROHIT M\.m2\repository\io\opentelemetry\opentelemetry-sdk\1.28.0\opentelemetry-sdk-1.28.0.jar;C:\Users\ROHIT M\.m2\repository\io\opentelemetry\opentelemetry-semconv\1.28.0-alpha\opentelemetry-semconv-1.28.0-alpha.jar;C:\Users\ROHIT M\.m2\repository\net\bytebuddy\byte-buddy\1.14.5\byte-buddy-1.14.5.jar;C:\Users\ROHIT M\.m2\repository\org\seleniumhq\selenium\selenium-os\4.15.0\selenium-os-4.15.0.jar;C:\Users\ROHIT M\.m2\repository\org\apache\commons\commons-exec\1.3\commons-exec-1.3.jar;C:\Users\ROHIT M\.m2\repository\org\seleniumhq\selenium\selenium-safari-driver\4.15.0\selenium-safari-driver-4.15.0.jar;C:\Users\ROHIT M\.m2\repository\org\seleniumhq\selenium\selenium-support\4.15.0\selenium-support-4.15.0.jar;C:\Users\ROHIT M\.m2\repository\commons-io\commons-io\2.16.1\commons-io-2.16.1.jar;C:\Users\ROHIT M\.m2\repository\org\apache\poi\poi\5.2.3\poi-5.2.3.jar;C:\Users\ROHIT M\.m2\repository\commons-codec\commons-codec\1.15\commons-codec-1.15.jar;C:\Users\ROHIT M\.m2\repository\org\apache\commons\commons-collections4\4.4\commons-collections4-4.4.jar;C:\Users\ROHIT M\.m2\repository\org\apache\commons\commons-math3\3.6.1\commons-math3-3.6.1.jar;C:\Users\ROHIT M\.m2\repository\com\zaxxer\SparseBitSet\1.2\SparseBitSet-1.2.jar;C:\Users\ROHIT M\.m2\repository\org\apache\logging\log4j\log4j-api\2.18.0\log4j-api-2.18.0.jar;C:\Users\ROHIT M\.m2\repository\org\apache\poi\poi-ooxml\5.2.3\poi-ooxml-5.2.3.jar;C:\Users\ROHIT M\.m2\repository\org\apache\poi\poi-ooxml-lite\5.2.3\poi-ooxml-lite-5.2.3.jar;C:\Users\ROHIT M\.m2\repository\org\apache\xmlbeans\xmlbeans\5.1.1\xmlbeans-5.1.1.jar;C:\Users\ROHIT M\.m2\repository\org\apache\commons\commons-compress\1.21\commons-compress-1.21.jar;C:\Users\ROHIT M\.m2\repository\com\github\virtuald\curvesapi\1.07\curvesapi-1.07.jar;C:\Users\ROHIT M\.m2\repository\org\testng\testng\7.7.1\testng-7.7.1.jar;C:\Users\ROHIT M\.m2\repository\org\slf4j\slf4j-api\1.7.36\slf4j-api-1.7.36.jar;C:\Users\ROHIT M\.m2\repository\com\beust\jcommander\1.82\jcommander-1.82.jar;C:\Users\ROHIT M\.m2\repository\org\webjars\jquery\3.6.1\jquery-3.6.1.jar;C:\Users\ROHIT M\.m2\repository\com\mysql\mysql-connector-j\9.0.0\mysql-connector-j-9.0.0.jar;C:\Users\ROHIT M\.m2\repository\com\google\protobuf\protobuf-java\4.26.1\protobuf-java-4.26.1.jar;C:\Users\ROHIT M\.m2\repository\com\aventstack\extentreports\5.0.9\extentreports-5.0.9.jar;C:\Users\ROHIT M\.m2\repository\io\reactivex\rxjava3\rxjava\3.0.4\rxjava-3.0.4.jar;C:\Users\ROHIT M\.m2\repository\org\reactivestreams\reactive-streams\1.0.3\reactive-streams-1.0.3.jar;C:\Users\ROHIT M\.m2\repository\org\freemarker\freemarker\2.3.30\freemarker-2.3.30.jar;C:\Users\ROHIT M\.m2\repository\org\projectlombok\lombok\1.18.12\lombok-1.18.12.jar;C:\Users\ROHIT M\.m2\repository\com\google\code\gson\gson\2.8.6\gson-2.8.6.jar
Launcher Type: SUN_STANDARD

[Global flags]
     intx CICompilerCount                          = 2                                         {product} {ergonomic}
     uint ConcGCThreads                            = 1                                         {product} {ergonomic}
     uint G1ConcRefinementThreads                  = 2                                         {product} {ergonomic}
   size_t G1HeapRegionSize                         = 1048576                                   {product} {ergonomic}
    uintx GCDrainStackTargetSize                   = 64                                        {product} {ergonomic}
   size_t InitialHeapSize                          = 65011712                                  {product} {ergonomic}
   size_t MarkStackSize                            = 4194304                                   {product} {ergonomic}
   size_t MaxHeapSize                              = 1027604480                                {product} {ergonomic}
   size_t MaxNewSize                               = 616562688                                 {product} {ergonomic}
   size_t MinHeapDeltaBytes                        = 1048576                                   {product} {ergonomic}
   size_t MinHeapSize                              = 8388608                                   {product} {ergonomic}
    uintx NonNMethodCodeHeapSize                   = 5826188                                {pd product} {ergonomic}
    uintx NonProfiledCodeHeapSize                  = 122916026                              {pd product} {ergonomic}
    uintx ProfiledCodeHeapSize                     = 122916026                              {pd product} {ergonomic}
    uintx ReservedCodeCacheSize                    = 251658240                              {pd product} {ergonomic}
     bool SegmentedCodeCache                       = true                                      {product} {ergonomic}
     bool ShowCodeDetailsInExceptionMessages       = true                                   {manageable} {command line}
   size_t SoftMaxHeapSize                          = 1027604480                             {manageable} {ergonomic}
     bool UseCompressedOops                        = true                           {product lp64_product} {ergonomic}
     bool UseG1GC                                  = true                                      {product} {ergonomic}
     bool UseLargePagesIndividualAllocation        = false                                  {pd product} {ergonomic}

Logging:
Log output configuration:
 #0: stdout all=warning uptime,level,tags foldmultilines=false
 #1: stderr all=off uptime,level,tags foldmultilines=false

Environment Variables:
JAVA_HOME=C:\Program Files\Java\jdk-21
PATH=C:\Program Files\Common Files\Oracle\Java\javapath;C:\oraclexe\app\oracle\product\11.2.0\server\bin;C:\oracle\product\10.2.0\db_1\bin;C:\oracle\product\10.2.0\db_2\bin;C:\Windows\system32;C:\Windows;C:\Windows\System32\Wbem;C:\Windows\System32\WindowsPowerShell\v1.0\;C:\Windows\System32\OpenSSH\;C:\Users\rohit\AppData\Local\Microsoft\WindowsApps;C:\adb;C:\WINDOWS\system32;C:\WINDOWS;C:\WINDOWS\System32\Wbem;C:\WINDOWS\System32\WindowsPowerShell\v1.0\;C:\WINDOWS\System32\OpenSSH\;C:\Program Files\nodejs\;C:\Program Files\Git\cmd;C:\Program Files\Java\jdk-21\bin;C:\AutomationSoftware\apache-maven-3.9.8-bin\apache-maven-3.9.8\bin;C:\Program Files\MySQL\MySQL Shell 8.0\bin\;C:\Users\ROHIT M\AppData\Local\Microsoft\WindowsApps;C:\Users\ROHIT M\AppData\Local\Programs\Microsoft VS Code\bin;C:\Users\ROHIT M\AppData\Roaming\npm;C:\Users\ROHIT M\AppData\Local\JetBrains\Toolbox\scripts;C:\Users\ROHIT M\AppData\Local\GitHubDesktop\bin
USERNAME=ROHIT M
OS=Windows_NT
PROCESSOR_IDENTIFIER=Intel64 Family 6 Model 122 Stepping 8, GenuineIntel
TMP=C:\Users\ROHITM~1\AppData\Local\Temp
TEMP=C:\Users\ROHITM~1\AppData\Local\Temp




Periodic native trim disabled

---------------  S Y S T E M  ---------------

OS:
 Windows 11 , 64 bit Build 22621 (10.0.22621.3958)
OS uptime: 1 days 2:32 hours
Hyper-V role detected

CPU: total 2 (initial active 2) (2 cores per cpu, 1 threads per core) family 6 model 122 stepping 8 microcode 0x18, cx8, cmov, fxsr, mmx, 3dnowpref, sse, sse2, sse3, ssse3, sse4.1, sse4.2, popcnt, tsc, tscinvbit, aes, erms, clmul, sha, clflush, clflushopt, hv, rdtscp, rdpid
Processor Information for all 2 processors :
  Max Mhz: 1101, Current Mhz: 1101, Mhz Limit: 1101

Memory: 4k page, system-wide physical 3918M (216M free)
TotalPageFile size 15694M (AvailPageFile size 8M)
current process WorkingSet (physical memory assigned to process): 94M, peak: 94M
current process commit charge ("private bytes"): 167M, peak: 167M

vm_info: Java HotSpot(TM) 64-Bit Server VM (21.0.2+13-LTS-58) for windows-amd64 JRE (21.0.2+13-LTS-58), built on 2024-01-05T18:32:24Z by "mach5one" with MS VC++ 17.1 (VS2022)

END.
